<?xml version="1.0" encoding="UTF-8"?>
<testsuite name="lille1.Piscine.MainTest" tests="1" skipped="0" failures="0" errors="0" timestamp="2015-10-15T12:18:29" hostname="a11p11" time="0.001">
  <properties/>
  <testcase name="testMain" classname="lille1.Piscine.MainTest" time="0.001"/>
  <system-out><![CDATA[]]></system-out>
  <system-err><![CDATA[]]></system-err>
</testsuite>
